04:25:22.587 [main] INFO  MobileProgrammingLLC.WebFrameTests.GMail_Login - Initializing Configurations...
04:25:22.592 [main] DEBUG MobileProgrammingLLC.WebFrameResources.Base - Attempting to load the driver...
04:25:24.526 [main] INFO  MobileProgrammingLLC.WebFrameResources.Base - Driver successfully initialised.
04:25:24.687 [main] DEBUG MobileProgrammingLLC.WebFrameResources.Base - Attempting to get navigated to URL: "https://www.google.com/intl/en-GB/gmail/about/#"...
04:25:26.708 [main] INFO  MobileProgrammingLLC.WebFrameResources.Base - Navigation to site "https://www.google.com/intl/en-GB/gmail/about/#" successful.
04:25:26.740 [main] INFO  MobileProgrammingLLC.WebFrameTests.GMail_Login - Configurations Successfully Initialized.
04:25:29.822 [main] DEBUG MobileProgrammingLLC.WebFrameResources.Base - Attempting to flash Proxy element for: DefaultElementLocator 'By.cssSelector: a.gmail-nav__nav-link.gmail-nav__nav-link__sign-i'...
04:25:32.866 [main] ERROR MobileProgrammingLLC.WebFrameResources.Base - Flashing element failed. Taking screenshot...
04:25:33.320 [main] INFO  MobileProgrammingLLC.WebFrameResources.Base - Screenshot taken! NAME: Base_Wed Jan 30 04:25:33 IST 2019_ss.png
04:25:36.369 [main] DEBUG MobileProgrammingLLC.WebFrameResources.Base - Attempting to click on element: 'Proxy element for: DefaultElementLocator 'By.cssSelector: a.gmail-nav__nav-link.gmail-nav__nav-link__sign-i''...
04:25:42.474 [main] ERROR MobileProgrammingLLC.WebFrameResources.Base - Clicking element 'Proxy element for: DefaultElementLocator 'By.cssSelector: a.gmail-nav__nav-link.gmail-nav__nav-link__sign-i'' failed.
04:25:42.480 [main] DEBUG MobileProgrammingLLC.WebFrameTests.GMail_Login - Tearing Down Configurations...
04:25:42.481 [main] DEBUG MobileProgrammingLLC.WebFrameResources.Base - Attempting to quit the driver...
04:25:42.607 [main] INFO  MobileProgrammingLLC.WebFrameResources.Base - Driver successfully quitted.
04:25:42.607 [main] INFO  MobileProgrammingLLC.WebFrameTests.GMail_Login - Configurations Successfully Teared Down.

04:30:07.588 [main] INFO  MobileProgrammingLLC.WebFrameTests.GMail_Login - Initializing Configurations...
04:30:07.594 [main] DEBUG MobileProgrammingLLC.WebFrameResources.Base - Attempting to load the driver...
04:30:09.673 [main] INFO  MobileProgrammingLLC.WebFrameResources.Base - Driver successfully initialised.
04:30:09.828 [main] DEBUG MobileProgrammingLLC.WebFrameResources.Base - Attempting to get navigated to URL: "https://www.google.com/intl/en-GB/gmail/about/#"...
04:30:12.217 [main] INFO  MobileProgrammingLLC.WebFrameResources.Base - Navigation to site "https://www.google.com/intl/en-GB/gmail/about/#" successful.
04:30:12.245 [main] INFO  MobileProgrammingLLC.WebFrameTests.GMail_Login - Configurations Successfully Initialized.
04:30:15.325 [main] DEBUG MobileProgrammingLLC.WebFrameResources.Base - Attempting to flash Proxy element for: DefaultElementLocator 'By.cssSelector: a.gmail-nav__nav-link.gmail-nav__nav-link__sign-i'...
04:30:18.377 [main] ERROR MobileProgrammingLLC.WebFrameResources.Base - Flashing element failed. Taking screenshot...
04:30:21.875 [main] INFO  MobileProgrammingLLC.WebFrameResources.Base - Screenshot taken! NAME: Proxy element for: DefaultElementLocator 'By.cssSelector: a.gmail-nav__nav-link.gmail-nav__nav-link__sign-i'_Wed Jan 30 04:30:21 IST 2019_ss.png
04:30:24.899 [main] DEBUG MobileProgrammingLLC.WebFrameResources.Base - Attempting to click on element: 'Proxy element for: DefaultElementLocator 'By.cssSelector: a.gmail-nav__nav-link.gmail-nav__nav-link__sign-i''...
04:30:31.001 [main] ERROR MobileProgrammingLLC.WebFrameResources.Base - Clicking element 'Proxy element for: DefaultElementLocator 'By.cssSelector: a.gmail-nav__nav-link.gmail-nav__nav-link__sign-i'' failed.
04:30:31.006 [main] DEBUG MobileProgrammingLLC.WebFrameTests.GMail_Login - Tearing Down Configurations...
04:30:31.006 [main] DEBUG MobileProgrammingLLC.WebFrameResources.Base - Attempting to quit the driver...
04:30:31.130 [main] INFO  MobileProgrammingLLC.WebFrameResources.Base - Driver successfully quitted.
04:30:31.130 [main] INFO  MobileProgrammingLLC.WebFrameTests.GMail_Login - Configurations Successfully Teared Down.

04:35:40.825 [main] INFO  MobileProgrammingLLC.WebFrameTests.GMail_Login - Initializing Configurations...
04:35:40.830 [main] DEBUG MobileProgrammingLLC.WebFrameResources.Base - Attempting to load the driver...
04:35:42.873 [main] INFO  MobileProgrammingLLC.WebFrameResources.Base - Driver successfully initialised.
04:35:43.037 [main] DEBUG MobileProgrammingLLC.WebFrameResources.Base - Attempting to get navigated to URL: "https://www.google.com/intl/en-GB/gmail/about/#"...
04:35:45.194 [main] INFO  MobileProgrammingLLC.WebFrameResources.Base - Navigation to site "https://www.google.com/intl/en-GB/gmail/about/#" successful.
04:35:45.235 [main] INFO  MobileProgrammingLLC.WebFrameTests.GMail_Login - Configurations Successfully Initialized.
04:35:48.328 [main] DEBUG MobileProgrammingLLC.WebFrameResources.Base - Attempting to flash Proxy element for: DefaultElementLocator 'By.cssSelector: a.gmail-nav__nav-link.gmail-nav__nav-link__sign-i'...
04:35:51.369 [main] ERROR MobileProgrammingLLC.WebFrameResources.Base - Flashing element failed. Taking screenshot...
04:35:54.873 [main] INFO  MobileProgrammingLLC.WebFrameResources.Base - Screenshot taken! NAME: Locator_'By.cssSelector: a.gmail-nav__nav-link.gmail-nav__nav-link__sign-i'_Wed Jan 30 04:35:54 IST 2019_ss.png
04:35:57.916 [main] DEBUG MobileProgrammingLLC.WebFrameResources.Base - Attempting to click on element: 'Proxy element for: DefaultElementLocator 'By.cssSelector: a.gmail-nav__nav-link.gmail-nav__nav-link__sign-i''...
04:36:03.968 [main] ERROR MobileProgrammingLLC.WebFrameResources.Base - Clicking element 'Proxy element for: DefaultElementLocator 'By.cssSelector: a.gmail-nav__nav-link.gmail-nav__nav-link__sign-i'' failed.
04:36:03.973 [main] DEBUG MobileProgrammingLLC.WebFrameTests.GMail_Login - Tearing Down Configurations...
04:36:03.973 [main] DEBUG MobileProgrammingLLC.WebFrameResources.Base - Attempting to quit the driver...
04:36:04.105 [main] INFO  MobileProgrammingLLC.WebFrameResources.Base - Driver successfully quitted.
04:36:04.105 [main] INFO  MobileProgrammingLLC.WebFrameTests.GMail_Login - Configurations Successfully Teared Down.

04:49:51.302 [main] INFO  MobileProgrammingLLC.WebFrameTests.Listeners - 
--------------------Test1--------------------

04:49:51.320 [main] INFO  MobileProgrammingLLC.WebFrameTests.GMail_Login - Initializing Configurations...
04:49:51.320 [main] DEBUG MobileProgrammingLLC.WebFrameResources.Base - Attempting to load the driver...
04:49:53.368 [main] INFO  MobileProgrammingLLC.WebFrameResources.Base - Driver successfully initialised.
04:49:53.524 [main] DEBUG MobileProgrammingLLC.WebFrameResources.Base - Attempting to get navigated to URL: "https://www.google.com/intl/en-GB/gmail/about/#"...
04:49:55.757 [main] INFO  MobileProgrammingLLC.WebFrameResources.Base - Navigation to site "https://www.google.com/intl/en-GB/gmail/about/#" successful.
04:49:55.788 [main] INFO  MobileProgrammingLLC.WebFrameTests.GMail_Login - Configurations Successfully Initialized.
04:49:55.799 [main] INFO  MobileProgrammingLLC.WebFrameTests.Listeners - 
--------------------enterUserName--------------------

04:49:55.823 [main] DEBUG MobileProgrammingLLC.WebFrameResources.Base - Attempting to flash [[ChromeDriver: chrome on MAC (cfc3f95ed97c2c74df742c9b93582229)] -> css selector: a.gmail-nav__nav-link.gmail-nav__nav-link__sign-in]...
04:49:56.369 [main] INFO  MobileProgrammingLLC.WebFrameResources.Base - Element successfully flashed
04:49:56.383 [main] DEBUG MobileProgrammingLLC.WebFrameResources.Base - Attempting to click on element: '[[ChromeDriver: chrome on MAC (cfc3f95ed97c2c74df742c9b93582229)] -> css selector: a.gmail-nav__nav-link.gmail-nav__nav-link__sign-in]'...
04:50:38.569 [main] INFO  MobileProgrammingLLC.WebFrameResources.Base - Element 'Proxy element for: DefaultElementLocator 'By.cssSelector: a.gmail-nav__nav-link.gmail-nav__nav-link__sign-in'' successfully clicked.
04:50:38.624 [main] INFO  MobileProgrammingLLC.WebFrameTests.Listeners - Script 'enterUserName' passed.
04:50:38.625 [main] DEBUG MobileProgrammingLLC.WebFrameTests.GMail_Login - Tearing Down Configurations...
04:50:38.625 [main] DEBUG MobileProgrammingLLC.WebFrameResources.Base - Attempting to quit the driver...
04:50:38.748 [main] INFO  MobileProgrammingLLC.WebFrameResources.Base - Driver successfully quitted.
04:50:38.748 [main] INFO  MobileProgrammingLLC.WebFrameTests.GMail_Login - Configurations Successfully Teared Down.

04:50:38.751 [main] DEBUG MobileProgrammingLLC.WebFrameResources.Base - Attempting to load the driver...
04:50:40.001 [main] INFO  MobileProgrammingLLC.WebFrameResources.Base - Driver successfully initialised.
04:50:40.154 [main] DEBUG MobileProgrammingLLC.WebFrameResources.Base - Attempting to get navigated to URL: "https://mail.rediff.com/cgi-bin/login.cgi"...
04:50:41.067 [main] INFO  MobileProgrammingLLC.WebFrameResources.Base - Navigation to site "https://mail.rediff.com/cgi-bin/login.cgi" successful.
04:50:41.073 [main] INFO  MobileProgrammingLLC.WebFrameTests.Listeners - 
--------------------rediff_enterUser--------------------

04:50:41.103 [main] DEBUG MobileProgrammingLLC.WebFrameResources.Base - Attempting to flash [[ChromeDriver: chrome on MAC (5353aeb4e1189a8db87599b1192c2413)] -> xpath: //input[@id='login1']]...
04:50:41.635 [main] INFO  MobileProgrammingLLC.WebFrameResources.Base - Element successfully flashed
04:50:41.649 [main] DEBUG MobileProgrammingLLC.WebFrameResources.Base - Attempting to send "aaa@aaa.com" to element "[[ChromeDriver: chrome on MAC (5353aeb4e1189a8db87599b1192c2413)] -> xpath: //input[@id='login1']]"...
04:50:41.797 [main] INFO  MobileProgrammingLLC.WebFrameResources.Base - Content "aaa@aaa.com" entered successfully into element "[[ChromeDriver: chrome on MAC (5353aeb4e1189a8db87599b1192c2413)] -> xpath: //input[@id='login1']]"
04:50:41.815 [main] DEBUG MobileProgrammingLLC.WebFrameResources.Base - Attempting to flash [[ChromeDriver: chrome on MAC (5353aeb4e1189a8db87599b1192c2413)] -> css selector: input#password]...
04:50:42.337 [main] INFO  MobileProgrammingLLC.WebFrameResources.Base - Element successfully flashed
04:50:42.350 [main] DEBUG MobileProgrammingLLC.WebFrameResources.Base - Attempting to send "pass111" to element "[[ChromeDriver: chrome on MAC (5353aeb4e1189a8db87599b1192c2413)] -> css selector: input#password]"...
04:50:42.434 [main] INFO  MobileProgrammingLLC.WebFrameResources.Base - Content "pass111" entered successfully into element "[[ChromeDriver: chrome on MAC (5353aeb4e1189a8db87599b1192c2413)] -> css selector: input#password]"
04:50:42.452 [main] DEBUG MobileProgrammingLLC.WebFrameResources.Base - Attempting to flash [[ChromeDriver: chrome on MAC (5353aeb4e1189a8db87599b1192c2413)] -> id: remember]...
04:50:42.973 [main] INFO  MobileProgrammingLLC.WebFrameResources.Base - Element successfully flashed
04:50:42.987 [main] DEBUG MobileProgrammingLLC.WebFrameResources.Base - Attempting to click on element: '[[ChromeDriver: chrome on MAC (5353aeb4e1189a8db87599b1192c2413)] -> id: remember]'...
04:50:43.059 [main] INFO  MobileProgrammingLLC.WebFrameResources.Base - Element '[[ChromeDriver: chrome on MAC (5353aeb4e1189a8db87599b1192c2413)] -> id: remember]' successfully clicked.
04:50:43.075 [main] DEBUG MobileProgrammingLLC.WebFrameResources.Base - Attempting to flash [[ChromeDriver: chrome on MAC (5353aeb4e1189a8db87599b1192c2413)] -> css selector: input[type='submit']]...
04:50:43.597 [main] INFO  MobileProgrammingLLC.WebFrameResources.Base - Element successfully flashed
04:50:43.610 [main] DEBUG MobileProgrammingLLC.WebFrameResources.Base - Attempting to click on element: '[[ChromeDriver: chrome on MAC (5353aeb4e1189a8db87599b1192c2413)] -> css selector: input[type='submit']]'...
04:50:43.856 [main] INFO  MobileProgrammingLLC.WebFrameResources.Base - Element '[[ChromeDriver: chrome on MAC (5353aeb4e1189a8db87599b1192c2413)] -> css selector: input[type='submit']]' successfully clicked.
04:50:43.856 [main] INFO  MobileProgrammingLLC.WebFrameTests.Listeners - Script 'rediff_enterUser' passed.
04:50:43.856 [main] INFO  MobileProgrammingLLC.WebFrameTests.Listeners - 
--------------------rediff_enterUser--------------------

04:50:43.868 [main] DEBUG MobileProgrammingLLC.WebFrameResources.Base - Attempting to flash [[ChromeDriver: chrome on MAC (5353aeb4e1189a8db87599b1192c2413)] -> xpath: //input[@id='login1']]...
04:50:44.391 [main] INFO  MobileProgrammingLLC.WebFrameResources.Base - Element successfully flashed
04:50:44.405 [main] DEBUG MobileProgrammingLLC.WebFrameResources.Base - Attempting to send "bbb@bbb.com" to element "[[ChromeDriver: chrome on MAC (5353aeb4e1189a8db87599b1192c2413)] -> xpath: //input[@id='login1']]"...
04:50:44.503 [main] INFO  MobileProgrammingLLC.WebFrameResources.Base - Content "bbb@bbb.com" entered successfully into element "[[ChromeDriver: chrome on MAC (5353aeb4e1189a8db87599b1192c2413)] -> xpath: //input[@id='login1']]"
04:50:44.517 [main] DEBUG MobileProgrammingLLC.WebFrameResources.Base - Attempting to flash [[ChromeDriver: chrome on MAC (5353aeb4e1189a8db87599b1192c2413)] -> css selector: input#password]...
04:50:45.031 [main] INFO  MobileProgrammingLLC.WebFrameResources.Base - Element successfully flashed
04:50:45.045 [main] DEBUG MobileProgrammingLLC.WebFrameResources.Base - Attempting to send "pass222" to element "[[ChromeDriver: chrome on MAC (5353aeb4e1189a8db87599b1192c2413)] -> css selector: input#password]"...
04:50:45.131 [main] INFO  MobileProgrammingLLC.WebFrameResources.Base - Content "pass222" entered successfully into element "[[ChromeDriver: chrome on MAC (5353aeb4e1189a8db87599b1192c2413)] -> css selector: input#password]"
04:50:45.142 [main] DEBUG MobileProgrammingLLC.WebFrameResources.Base - Attempting to flash [[ChromeDriver: chrome on MAC (5353aeb4e1189a8db87599b1192c2413)] -> id: remember]...
04:50:45.657 [main] INFO  MobileProgrammingLLC.WebFrameResources.Base - Element successfully flashed
04:50:45.671 [main] DEBUG MobileProgrammingLLC.WebFrameResources.Base - Attempting to click on element: '[[ChromeDriver: chrome on MAC (5353aeb4e1189a8db87599b1192c2413)] -> id: remember]'...
04:50:45.741 [main] INFO  MobileProgrammingLLC.WebFrameResources.Base - Element '[[ChromeDriver: chrome on MAC (5353aeb4e1189a8db87599b1192c2413)] -> id: remember]' successfully clicked.
04:50:45.752 [main] DEBUG MobileProgrammingLLC.WebFrameResources.Base - Attempting to flash [[ChromeDriver: chrome on MAC (5353aeb4e1189a8db87599b1192c2413)] -> css selector: input[type='submit']]...
04:50:46.272 [main] INFO  MobileProgrammingLLC.WebFrameResources.Base - Element successfully flashed
04:50:46.284 [main] DEBUG MobileProgrammingLLC.WebFrameResources.Base - Attempting to click on element: '[[ChromeDriver: chrome on MAC (5353aeb4e1189a8db87599b1192c2413)] -> css selector: input[type='submit']]'...
04:50:46.555 [main] INFO  MobileProgrammingLLC.WebFrameResources.Base - Element '[[ChromeDriver: chrome on MAC (5353aeb4e1189a8db87599b1192c2413)] -> css selector: input[type='submit']]' successfully clicked.
04:50:46.556 [main] INFO  MobileProgrammingLLC.WebFrameTests.Listeners - Script 'rediff_enterUser' passed.
04:50:46.556 [main] INFO  MobileProgrammingLLC.WebFrameTests.Listeners - 
--------------------rediff_enterUser--------------------

04:50:46.568 [main] DEBUG MobileProgrammingLLC.WebFrameResources.Base - Attempting to flash [[ChromeDriver: chrome on MAC (5353aeb4e1189a8db87599b1192c2413)] -> xpath: //input[@id='login1']]...
04:50:47.100 [main] INFO  MobileProgrammingLLC.WebFrameResources.Base - Element successfully flashed
04:50:47.115 [main] DEBUG MobileProgrammingLLC.WebFrameResources.Base - Attempting to send "ccc@ccc.com" to element "[[ChromeDriver: chrome on MAC (5353aeb4e1189a8db87599b1192c2413)] -> xpath: //input[@id='login1']]"...
04:50:47.212 [main] INFO  MobileProgrammingLLC.WebFrameResources.Base - Content "ccc@ccc.com" entered successfully into element "[[ChromeDriver: chrome on MAC (5353aeb4e1189a8db87599b1192c2413)] -> xpath: //input[@id='login1']]"
04:50:47.222 [main] DEBUG MobileProgrammingLLC.WebFrameResources.Base - Attempting to flash [[ChromeDriver: chrome on MAC (5353aeb4e1189a8db87599b1192c2413)] -> css selector: input#password]...
04:50:47.729 [main] INFO  MobileProgrammingLLC.WebFrameResources.Base - Element successfully flashed
04:50:47.741 [main] DEBUG MobileProgrammingLLC.WebFrameResources.Base - Attempting to send "pass333" to element "[[ChromeDriver: chrome on MAC (5353aeb4e1189a8db87599b1192c2413)] -> css selector: input#password]"...
04:50:47.830 [main] INFO  MobileProgrammingLLC.WebFrameResources.Base - Content "pass333" entered successfully into element "[[ChromeDriver: chrome on MAC (5353aeb4e1189a8db87599b1192c2413)] -> css selector: input#password]"
04:50:47.841 [main] DEBUG MobileProgrammingLLC.WebFrameResources.Base - Attempting to flash [[ChromeDriver: chrome on MAC (5353aeb4e1189a8db87599b1192c2413)] -> id: remember]...
04:50:48.351 [main] INFO  MobileProgrammingLLC.WebFrameResources.Base - Element successfully flashed
04:50:48.361 [main] DEBUG MobileProgrammingLLC.WebFrameResources.Base - Attempting to click on element: '[[ChromeDriver: chrome on MAC (5353aeb4e1189a8db87599b1192c2413)] -> id: remember]'...
04:50:48.427 [main] INFO  MobileProgrammingLLC.WebFrameResources.Base - Element '[[ChromeDriver: chrome on MAC (5353aeb4e1189a8db87599b1192c2413)] -> id: remember]' successfully clicked.
04:50:48.437 [main] DEBUG MobileProgrammingLLC.WebFrameResources.Base - Attempting to flash [[ChromeDriver: chrome on MAC (5353aeb4e1189a8db87599b1192c2413)] -> css selector: input[type='submit']]...
04:50:48.958 [main] INFO  MobileProgrammingLLC.WebFrameResources.Base - Element successfully flashed
04:50:48.973 [main] DEBUG MobileProgrammingLLC.WebFrameResources.Base - Attempting to click on element: '[[ChromeDriver: chrome on MAC (5353aeb4e1189a8db87599b1192c2413)] -> css selector: input[type='submit']]'...
04:50:49.341 [main] INFO  MobileProgrammingLLC.WebFrameResources.Base - Element '[[ChromeDriver: chrome on MAC (5353aeb4e1189a8db87599b1192c2413)] -> css selector: input[type='submit']]' successfully clicked.
04:50:49.342 [main] INFO  MobileProgrammingLLC.WebFrameTests.Listeners - Script 'rediff_enterUser' passed.
04:50:49.342 [main] DEBUG MobileProgrammingLLC.WebFrameResources.Base - Attempting to quit the driver...
04:50:49.426 [main] INFO  MobileProgrammingLLC.WebFrameResources.Base - Driver successfully quitted.
04:50:49.564 [main] INFO  MobileProgrammingLLC.WebFrameTests.Listeners - 
--------------------Test1--------------------

04:52:23.602 [main] INFO  MobileProgrammingLLC.WebFrameTests.Listeners - 
--------------------Test1--------------------

04:52:23.620 [main] INFO  MobileProgrammingLLC.WebFrameTests.GMail_Login - Initializing Configurations...
04:52:23.620 [main] DEBUG MobileProgrammingLLC.WebFrameResources.Base - Attempting to load the driver...
04:52:25.657 [main] INFO  MobileProgrammingLLC.WebFrameResources.Base - Driver successfully initialised.
04:52:25.820 [main] DEBUG MobileProgrammingLLC.WebFrameResources.Base - Attempting to get navigated to URL: "https://www.google.com/intl/en-GB/gmail/about/#"...
04:52:28.354 [main] INFO  MobileProgrammingLLC.WebFrameResources.Base - Navigation to site "https://www.google.com/intl/en-GB/gmail/about/#" successful.
04:52:28.397 [main] INFO  MobileProgrammingLLC.WebFrameTests.GMail_Login - Configurations Successfully Initialized.
04:52:28.408 [main] INFO  MobileProgrammingLLC.WebFrameTests.Listeners - 
--------------------enterUserName--------------------

04:52:28.437 [main] DEBUG MobileProgrammingLLC.WebFrameResources.Base - Attempting to flash [[ChromeDriver: chrome on MAC (09e93467ba676c6b57ecfc5ba1a8d2e3)] -> css selector: a.gmail-nav__nav-link.gmail-nav__nav-link__sign-in]...
04:52:28.986 [main] INFO  MobileProgrammingLLC.WebFrameResources.Base - Element successfully flashed
04:52:28.999 [main] DEBUG MobileProgrammingLLC.WebFrameResources.Base - Attempting to click on element: '[[ChromeDriver: chrome on MAC (09e93467ba676c6b57ecfc5ba1a8d2e3)] -> css selector: a.gmail-nav__nav-link.gmail-nav__nav-link__sign-in]'...
04:53:11.108 [main] INFO  MobileProgrammingLLC.WebFrameResources.Base - Element 'Proxy element for: DefaultElementLocator 'By.cssSelector: a.gmail-nav__nav-link.gmail-nav__nav-link__sign-in'' successfully clicked.
04:53:11.163 [main] DEBUG MobileProgrammingLLC.WebFrameResources.Base - Attempting to flash [[ChromeDriver: chrome on MAC (09e93467ba676c6b57ecfc5ba1a8d2e3)] -> xpath: //input[@aria-label='Email or phone']]...
04:53:11.686 [main] INFO  MobileProgrammingLLC.WebFrameResources.Base - Element successfully flashed
04:53:11.700 [main] DEBUG MobileProgrammingLLC.WebFrameResources.Base - Attempting to send "love.vashista@mobileprogramming.net" to element "[[ChromeDriver: chrome on MAC (09e93467ba676c6b57ecfc5ba1a8d2e3)] -> xpath: //input[@aria-label='Email or phone']]"...
04:53:12.049 [main] INFO  MobileProgrammingLLC.WebFrameResources.Base - Content "love.vashista@mobileprogramming.net" entered successfully into element "[[ChromeDriver: chrome on MAC (09e93467ba676c6b57ecfc5ba1a8d2e3)] -> xpath: //input[@aria-label='Email or phone']]"
04:53:12.066 [main] DEBUG MobileProgrammingLLC.WebFrameResources.Base - Attempting to flash [[ChromeDriver: chrome on MAC (09e93467ba676c6b57ecfc5ba1a8d2e3)] -> xpath: //span[text()='Next']]...
04:53:12.590 [main] INFO  MobileProgrammingLLC.WebFrameResources.Base - Element successfully flashed
04:53:12.604 [main] DEBUG MobileProgrammingLLC.WebFrameResources.Base - Attempting to click on element: '[[ChromeDriver: chrome on MAC (09e93467ba676c6b57ecfc5ba1a8d2e3)] -> xpath: //span[text()='Next']]'...
04:53:12.753 [main] INFO  MobileProgrammingLLC.WebFrameResources.Base - Element '[[ChromeDriver: chrome on MAC (09e93467ba676c6b57ecfc5ba1a8d2e3)] -> xpath: //span[text()='Next']]' successfully clicked.
04:53:12.753 [main] INFO  MobileProgrammingLLC.WebFrameTests.Listeners - Script 'enterUserName' passed.
04:53:12.756 [main] INFO  MobileProgrammingLLC.WebFrameTests.Listeners - 
--------------------enterPassword--------------------

04:53:12.756 [main] WARN  MobileProgrammingLLC.WebFrameResources.Base - Sleep feature used. Liberal usage not advised.
04:53:15.781 [main] DEBUG MobileProgrammingLLC.WebFrameResources.Base - Attempting to flash [[ChromeDriver: chrome on MAC (09e93467ba676c6b57ecfc5ba1a8d2e3)] -> css selector: input[type='password']]...
04:53:16.299 [main] INFO  MobileProgrammingLLC.WebFrameResources.Base - Element successfully flashed
04:53:16.312 [main] DEBUG MobileProgrammingLLC.WebFrameResources.Base - Attempting to send "pwd12345" to element "[[ChromeDriver: chrome on MAC (09e93467ba676c6b57ecfc5ba1a8d2e3)] -> css selector: input[type='password']]"...
04:53:16.424 [main] INFO  MobileProgrammingLLC.WebFrameResources.Base - Content "pwd12345" entered successfully into element "[[ChromeDriver: chrome on MAC (09e93467ba676c6b57ecfc5ba1a8d2e3)] -> css selector: input[type='password']]"
04:53:16.435 [main] DEBUG MobileProgrammingLLC.WebFrameResources.Base - Attempting to flash [[ChromeDriver: chrome on MAC (09e93467ba676c6b57ecfc5ba1a8d2e3)] -> xpath: //span[text()='Next']]...
04:53:16.953 [main] INFO  MobileProgrammingLLC.WebFrameResources.Base - Element successfully flashed
04:53:16.966 [main] DEBUG MobileProgrammingLLC.WebFrameResources.Base - Attempting to click on element: '[[ChromeDriver: chrome on MAC (09e93467ba676c6b57ecfc5ba1a8d2e3)] -> xpath: //span[text()='Next']]'...
04:53:17.093 [main] INFO  MobileProgrammingLLC.WebFrameResources.Base - Element '[[ChromeDriver: chrome on MAC (09e93467ba676c6b57ecfc5ba1a8d2e3)] -> xpath: //span[text()='Next']]' successfully clicked.
04:53:17.093 [main] INFO  MobileProgrammingLLC.WebFrameTests.Listeners - Script 'enterPassword' passed.
04:53:17.094 [main] INFO  MobileProgrammingLLC.WebFrameTests.Listeners - 
--------------------verifyErrorMesssage--------------------

04:53:17.657 [main] DEBUG MobileProgrammingLLC.WebFrameResources.Base - Attempting to flash [[ChromeDriver: chrome on MAC (09e93467ba676c6b57ecfc5ba1a8d2e3)] -> xpath: //div[text()='Wrong password. Try again or click Forgot password to reset it.']]...
04:53:18.180 [main] INFO  MobileProgrammingLLC.WebFrameResources.Base - Element successfully flashed
04:53:18.193 [main] DEBUG MobileProgrammingLLC.WebFrameResources.Base - Attempting to compare content returned by "[[ChromeDriver: chrome on MAC (09e93467ba676c6b57ecfc5ba1a8d2e3)] -> xpath: //div[text()='Wrong password. Try again or click Forgot password to reset it.']]" from "Wrong password. Try again or click Forgot password to reset it." ...
04:53:18.231 [main] INFO  MobileProgrammingLLC.WebFrameResources.Base - Comparison Successful!
04:53:18.232 [main] INFO  MobileProgrammingLLC.WebFrameTests.Listeners - Script 'verifyErrorMesssage' passed.
04:53:18.232 [main] DEBUG MobileProgrammingLLC.WebFrameTests.GMail_Login - Tearing Down Configurations...
04:53:18.232 [main] DEBUG MobileProgrammingLLC.WebFrameResources.Base - Attempting to quit the driver...
04:53:18.371 [main] INFO  MobileProgrammingLLC.WebFrameResources.Base - Driver successfully quitted.
04:53:18.371 [main] INFO  MobileProgrammingLLC.WebFrameTests.GMail_Login - Configurations Successfully Teared Down.

04:53:18.372 [main] DEBUG MobileProgrammingLLC.WebFrameResources.Base - Attempting to load the driver...
04:53:19.564 [main] INFO  MobileProgrammingLLC.WebFrameResources.Base - Driver successfully initialised.
04:53:19.723 [main] DEBUG MobileProgrammingLLC.WebFrameResources.Base - Attempting to get navigated to URL: "https://mail.rediff.com/cgi-bin/login.cgi"...
04:53:20.366 [main] INFO  MobileProgrammingLLC.WebFrameResources.Base - Navigation to site "https://mail.rediff.com/cgi-bin/login.cgi" successful.
04:53:20.374 [main] INFO  MobileProgrammingLLC.WebFrameTests.Listeners - 
--------------------rediff_enterUser--------------------

04:53:20.402 [main] DEBUG MobileProgrammingLLC.WebFrameResources.Base - Attempting to flash [[ChromeDriver: chrome on MAC (b83660c31c4599e1848e7c6b1067ea17)] -> xpath: //input[@id='login1']]...
04:53:20.936 [main] INFO  MobileProgrammingLLC.WebFrameResources.Base - Element successfully flashed
04:53:20.949 [main] DEBUG MobileProgrammingLLC.WebFrameResources.Base - Attempting to send "aaa@aaa.com" to element "[[ChromeDriver: chrome on MAC (b83660c31c4599e1848e7c6b1067ea17)] -> xpath: //input[@id='login1']]"...
04:53:21.086 [main] INFO  MobileProgrammingLLC.WebFrameResources.Base - Content "aaa@aaa.com" entered successfully into element "[[ChromeDriver: chrome on MAC (b83660c31c4599e1848e7c6b1067ea17)] -> xpath: //input[@id='login1']]"
04:53:21.102 [main] DEBUG MobileProgrammingLLC.WebFrameResources.Base - Attempting to flash [[ChromeDriver: chrome on MAC (b83660c31c4599e1848e7c6b1067ea17)] -> css selector: input#password]...
04:53:21.616 [main] INFO  MobileProgrammingLLC.WebFrameResources.Base - Element successfully flashed
04:53:21.628 [main] DEBUG MobileProgrammingLLC.WebFrameResources.Base - Attempting to send "pass111" to element "[[ChromeDriver: chrome on MAC (b83660c31c4599e1848e7c6b1067ea17)] -> css selector: input#password]"...
04:53:21.711 [main] INFO  MobileProgrammingLLC.WebFrameResources.Base - Content "pass111" entered successfully into element "[[ChromeDriver: chrome on MAC (b83660c31c4599e1848e7c6b1067ea17)] -> css selector: input#password]"
04:53:21.727 [main] DEBUG MobileProgrammingLLC.WebFrameResources.Base - Attempting to flash [[ChromeDriver: chrome on MAC (b83660c31c4599e1848e7c6b1067ea17)] -> id: remember]...
04:53:22.246 [main] INFO  MobileProgrammingLLC.WebFrameResources.Base - Element successfully flashed
04:53:22.259 [main] DEBUG MobileProgrammingLLC.WebFrameResources.Base - Attempting to click on element: '[[ChromeDriver: chrome on MAC (b83660c31c4599e1848e7c6b1067ea17)] -> id: remember]'...
04:53:22.326 [main] INFO  MobileProgrammingLLC.WebFrameResources.Base - Element '[[ChromeDriver: chrome on MAC (b83660c31c4599e1848e7c6b1067ea17)] -> id: remember]' successfully clicked.
04:53:22.342 [main] DEBUG MobileProgrammingLLC.WebFrameResources.Base - Attempting to flash [[ChromeDriver: chrome on MAC (b83660c31c4599e1848e7c6b1067ea17)] -> css selector: input[type='submit']]...
04:53:22.858 [main] INFO  MobileProgrammingLLC.WebFrameResources.Base - Element successfully flashed
04:53:22.871 [main] DEBUG MobileProgrammingLLC.WebFrameResources.Base - Attempting to click on element: '[[ChromeDriver: chrome on MAC (b83660c31c4599e1848e7c6b1067ea17)] -> css selector: input[type='submit']]'...
04:53:23.081 [main] INFO  MobileProgrammingLLC.WebFrameResources.Base - Element '[[ChromeDriver: chrome on MAC (b83660c31c4599e1848e7c6b1067ea17)] -> css selector: input[type='submit']]' successfully clicked.
04:53:23.082 [main] INFO  MobileProgrammingLLC.WebFrameTests.Listeners - Script 'rediff_enterUser' passed.
04:53:23.082 [main] INFO  MobileProgrammingLLC.WebFrameTests.Listeners - 
--------------------rediff_enterUser--------------------

04:53:23.093 [main] DEBUG MobileProgrammingLLC.WebFrameResources.Base - Attempting to flash [[ChromeDriver: chrome on MAC (b83660c31c4599e1848e7c6b1067ea17)] -> xpath: //input[@id='login1']]...
04:53:23.608 [main] INFO  MobileProgrammingLLC.WebFrameResources.Base - Element successfully flashed
04:53:23.619 [main] DEBUG MobileProgrammingLLC.WebFrameResources.Base - Attempting to send "bbb@bbb.com" to element "[[ChromeDriver: chrome on MAC (b83660c31c4599e1848e7c6b1067ea17)] -> xpath: //input[@id='login1']]"...
04:53:23.721 [main] INFO  MobileProgrammingLLC.WebFrameResources.Base - Content "bbb@bbb.com" entered successfully into element "[[ChromeDriver: chrome on MAC (b83660c31c4599e1848e7c6b1067ea17)] -> xpath: //input[@id='login1']]"
04:53:23.732 [main] DEBUG MobileProgrammingLLC.WebFrameResources.Base - Attempting to flash [[ChromeDriver: chrome on MAC (b83660c31c4599e1848e7c6b1067ea17)] -> css selector: input#password]...
04:53:24.248 [main] INFO  MobileProgrammingLLC.WebFrameResources.Base - Element successfully flashed
04:53:24.260 [main] DEBUG MobileProgrammingLLC.WebFrameResources.Base - Attempting to send "pass222" to element "[[ChromeDriver: chrome on MAC (b83660c31c4599e1848e7c6b1067ea17)] -> css selector: input#password]"...
04:53:24.338 [main] INFO  MobileProgrammingLLC.WebFrameResources.Base - Content "pass222" entered successfully into element "[[ChromeDriver: chrome on MAC (b83660c31c4599e1848e7c6b1067ea17)] -> css selector: input#password]"
04:53:24.349 [main] DEBUG MobileProgrammingLLC.WebFrameResources.Base - Attempting to flash [[ChromeDriver: chrome on MAC (b83660c31c4599e1848e7c6b1067ea17)] -> id: remember]...
04:53:24.866 [main] INFO  MobileProgrammingLLC.WebFrameResources.Base - Element successfully flashed
04:53:24.878 [main] DEBUG MobileProgrammingLLC.WebFrameResources.Base - Attempting to click on element: '[[ChromeDriver: chrome on MAC (b83660c31c4599e1848e7c6b1067ea17)] -> id: remember]'...
04:53:24.945 [main] INFO  MobileProgrammingLLC.WebFrameResources.Base - Element '[[ChromeDriver: chrome on MAC (b83660c31c4599e1848e7c6b1067ea17)] -> id: remember]' successfully clicked.
04:53:24.955 [main] DEBUG MobileProgrammingLLC.WebFrameResources.Base - Attempting to flash [[ChromeDriver: chrome on MAC (b83660c31c4599e1848e7c6b1067ea17)] -> css selector: input[type='submit']]...
04:53:25.470 [main] INFO  MobileProgrammingLLC.WebFrameResources.Base - Element successfully flashed
04:53:25.483 [main] DEBUG MobileProgrammingLLC.WebFrameResources.Base - Attempting to click on element: '[[ChromeDriver: chrome on MAC (b83660c31c4599e1848e7c6b1067ea17)] -> css selector: input[type='submit']]'...
04:53:25.684 [main] INFO  MobileProgrammingLLC.WebFrameResources.Base - Element '[[ChromeDriver: chrome on MAC (b83660c31c4599e1848e7c6b1067ea17)] -> css selector: input[type='submit']]' successfully clicked.
04:53:25.684 [main] INFO  MobileProgrammingLLC.WebFrameTests.Listeners - Script 'rediff_enterUser' passed.
04:53:25.684 [main] INFO  MobileProgrammingLLC.WebFrameTests.Listeners - 
--------------------rediff_enterUser--------------------

04:53:25.695 [main] DEBUG MobileProgrammingLLC.WebFrameResources.Base - Attempting to flash [[ChromeDriver: chrome on MAC (b83660c31c4599e1848e7c6b1067ea17)] -> xpath: //input[@id='login1']]...
04:53:26.218 [main] INFO  MobileProgrammingLLC.WebFrameResources.Base - Element successfully flashed
04:53:26.238 [main] DEBUG MobileProgrammingLLC.WebFrameResources.Base - Attempting to send "ccc@ccc.com" to element "[[ChromeDriver: chrome on MAC (b83660c31c4599e1848e7c6b1067ea17)] -> xpath: //input[@id='login1']]"...
04:53:26.335 [main] INFO  MobileProgrammingLLC.WebFrameResources.Base - Content "ccc@ccc.com" entered successfully into element "[[ChromeDriver: chrome on MAC (b83660c31c4599e1848e7c6b1067ea17)] -> xpath: //input[@id='login1']]"
04:53:26.346 [main] DEBUG MobileProgrammingLLC.WebFrameResources.Base - Attempting to flash [[ChromeDriver: chrome on MAC (b83660c31c4599e1848e7c6b1067ea17)] -> css selector: input#password]...
04:53:26.856 [main] INFO  MobileProgrammingLLC.WebFrameResources.Base - Element successfully flashed
04:53:26.868 [main] DEBUG MobileProgrammingLLC.WebFrameResources.Base - Attempting to send "pass333" to element "[[ChromeDriver: chrome on MAC (b83660c31c4599e1848e7c6b1067ea17)] -> css selector: input#password]"...
04:53:26.945 [main] INFO  MobileProgrammingLLC.WebFrameResources.Base - Content "pass333" entered successfully into element "[[ChromeDriver: chrome on MAC (b83660c31c4599e1848e7c6b1067ea17)] -> css selector: input#password]"
04:53:26.956 [main] DEBUG MobileProgrammingLLC.WebFrameResources.Base - Attempting to flash [[ChromeDriver: chrome on MAC (b83660c31c4599e1848e7c6b1067ea17)] -> id: remember]...
04:53:27.472 [main] INFO  MobileProgrammingLLC.WebFrameResources.Base - Element successfully flashed
04:53:27.484 [main] DEBUG MobileProgrammingLLC.WebFrameResources.Base - Attempting to click on element: '[[ChromeDriver: chrome on MAC (b83660c31c4599e1848e7c6b1067ea17)] -> id: remember]'...
04:53:27.548 [main] INFO  MobileProgrammingLLC.WebFrameResources.Base - Element '[[ChromeDriver: chrome on MAC (b83660c31c4599e1848e7c6b1067ea17)] -> id: remember]' successfully clicked.
04:53:27.566 [main] DEBUG MobileProgrammingLLC.WebFrameResources.Base - Attempting to flash [[ChromeDriver: chrome on MAC (b83660c31c4599e1848e7c6b1067ea17)] -> css selector: input[type='submit']]...
04:53:28.078 [main] INFO  MobileProgrammingLLC.WebFrameResources.Base - Element successfully flashed
04:53:28.091 [main] DEBUG MobileProgrammingLLC.WebFrameResources.Base - Attempting to click on element: '[[ChromeDriver: chrome on MAC (b83660c31c4599e1848e7c6b1067ea17)] -> css selector: input[type='submit']]'...
04:53:28.296 [main] INFO  MobileProgrammingLLC.WebFrameResources.Base - Element '[[ChromeDriver: chrome on MAC (b83660c31c4599e1848e7c6b1067ea17)] -> css selector: input[type='submit']]' successfully clicked.
04:53:28.296 [main] INFO  MobileProgrammingLLC.WebFrameTests.Listeners - Script 'rediff_enterUser' passed.
04:53:28.297 [main] DEBUG MobileProgrammingLLC.WebFrameResources.Base - Attempting to quit the driver...
04:53:28.436 [main] INFO  MobileProgrammingLLC.WebFrameResources.Base - Driver successfully quitted.
04:53:28.460 [main] INFO  MobileProgrammingLLC.WebFrameTests.Listeners - 
--------------------Test1--------------------

